<?xml version="1.0" encoding="UTF-8"?>
<testsuite xmlns:xsi="http://www.w3.org/2001/XMLSchema-instance" xsi:noNamespaceSchemaLocation="https://maven.apache.org/surefire/maven-surefire-plugin/xsd/surefire-test-report.xsd" name="TestSuite" time="6.998" tests="3" errors="0" skipped="1" failures="2">
  <properties>
[...]
</properties>
  <testcase name="launchApplication" classname="KalyaniAcademy.tests.SubmitOrderTest" time="6.035">
    <failure message="Unresolved compilation problem: &#10;	The method implicitlyWait(long, TimeUnit) in the type WebDriver.Timeouts is not applicable for the arguments (Duration)&#10;" type="java.lang.Error">java.lang.Error: 
Unresolved compilation problem: 
	The method implicitlyWait(long, TimeUnit) in the type WebDriver.Timeouts is not applicable for the arguments (Duration)

</failure>
    <system-out><![CDATA[[TestNGContentHandler] [WARN] It is strongly recommended to add "<!DOCTYPE suite SYSTEM "http://testng.org/testng-1.0.dtd" >" at the top of your file, otherwise TestNG may fail or not work as expected.
]]></system-out>
  </testcase>
  <testcase name="SubmitOrder" classname="KalyaniAcademy.tests.SubmitOrderTest" time="0">
    <skipped message="Unresolved compilation problem: &#10;	The method implicitlyWait(long, TimeUnit) in the type WebDriver.Timeouts is not applicable for the arguments (Duration)&#10;"/>
  </testcase>
  <testcase name="teardown" classname="KalyaniAcademy.tests.SubmitOrderTest" time="6.175">
    <failure type="java.lang.NullPointerException">java.lang.NullPointerException
</failure>
  </testcase>
</testsuite>